{
  "RSpec": {
    "coverage": {
      "/Users/bryan/turing/1Module/projects/black_thursday/spec/customer_repository_spec.rb": {
        "lines": [
          1,
          1,
          1,
          1,
          1,
          null,
          1,
          1,
          7,
          null,
          null,
          1,
          1,
          null,
          null,
          1,
          1,
          1,
          1,
          null,
          null,
          1,
          1,
          1,
          1,
          1,
          1,
          1,
          null,
          null,
          1,
          1,
          1,
          1,
          1,
          1,
          1,
          null,
          null,
          1,
          1,
          1,
          1,
          1,
          null,
          null,
          1,
          1,
          1,
          1,
          1,
          null,
          null,
          1,
          1,
          1,
          null,
          null,
          null
        ]
      },
      "/Users/bryan/turing/1Module/projects/black_thursday/lib/customer.rb": {
        "lines": [
          1,
          1,
          null,
          1,
          1,
          null,
          null,
          null,
          null,
          null,
          1,
          35002,
          35002,
          35002,
          35002,
          35002,
          null,
          null
        ]
      },
      "/Users/bryan/turing/1Module/projects/black_thursday/lib/customer_repository.rb": {
        "lines": [
          1,
          1,
          1,
          null,
          1,
          1,
          1,
          null,
          1,
          null,
          null,
          null,
          1,
          35,
          35,
          35,
          35000,
          null,
          null,
          null,
          null,
          null,
          null,
          null,
          null,
          null,
          1,
          2002,
          null,
          null,
          1,
          2002,
          null,
          null,
          1,
          1,
          1,
          null,
          null,
          null,
          null,
          null,
          null,
          null,
          null,
          1,
          1,
          1,
          1,
          null,
          null,
          1,
          1,
          null,
          null,
          1,
          0,
          null,
          null
        ]
      },
      "/Users/bryan/turing/1Module/projects/black_thursday/lib/repoable.rb": {
        "lines": [
          1,
          null,
          1,
          3,
          null,
          null,
          1,
          60655662,
          null,
          null,
          1,
          112254,
          null,
          null,
          1,
          89502,
          null,
          null,
          1,
          3244,
          null,
          null,
          1,
          0,
          null,
          null
        ]
      },
      "/Users/bryan/turing/1Module/projects/black_thursday/spec/customer_spec.rb": {
        "lines": [
          1,
          1,
          1,
          null,
          1,
          1,
          1,
          null,
          null,
          null,
          null,
          null,
          null,
          null,
          null,
          1,
          1,
          1,
          1,
          1,
          1,
          1,
          null,
          null
        ]
      },
      "/Users/bryan/turing/1Module/projects/black_thursday/spec/invoice_item_repository_spec.rb": {
        "lines": [
          1,
          1,
          1,
          1,
          null,
          1,
          1,
          7,
          null,
          null,
          1,
          1,
          null,
          null,
          1,
          1,
          1,
          1,
          1,
          1,
          null,
          null,
          1,
          1,
          1,
          1,
          null,
          null,
          1,
          1,
          1,
          1,
          null,
          null,
          1,
          null,
          1,
          null,
          null,
          null,
          null,
          null,
          null,
          1,
          1,
          1,
          1,
          null,
          null,
          1,
          1,
          1,
          null,
          null,
          1,
          null,
          null,
          null,
          1,
          1,
          1,
          null,
          null,
          1,
          1,
          1,
          1,
          1,
          null,
          null
        ]
      },
      "/Users/bryan/turing/1Module/projects/black_thursday/lib/invoice_item.rb": {
        "lines": [
          1,
          null,
          1,
          1,
          null,
          null,
          null,
          null,
          1,
          null,
          null,
          null,
          1,
          764053,
          764053,
          764053,
          764053,
          764053,
          764053,
          764053,
          null,
          null,
          1,
          1,
          null,
          null
        ]
      },
      "/Users/bryan/turing/1Module/projects/black_thursday/lib/invoice_item_repository.rb": {
        "lines": [
          1,
          1,
          1,
          null,
          1,
          1,
          1,
          null,
          null,
          1,
          35,
          35,
          35,
          764050,
          null,
          null,
          null,
          1,
          21831,
          1,
          1,
          null,
          null,
          1,
          1,
          1,
          1,
          1,
          null,
          null
        ]
      },
      "/Users/bryan/turing/1Module/projects/black_thursday/spec/invoice_item_spec.rb": {
        "lines": [
          1,
          1,
          null,
          1,
          1,
          2,
          null,
          null,
          null,
          null,
          null,
          null,
          null,
          null,
          null,
          null,
          null,
          null,
          1,
          1,
          1,
          1,
          1,
          1,
          1,
          1,
          1,
          null,
          null,
          1,
          1,
          null,
          null
        ]
      },
      "/Users/bryan/turing/1Module/projects/black_thursday/spec/invoice_repository_spec.rb": {
        "lines": [
          1,
          1,
          1,
          1,
          1,
          null,
          1,
          1,
          9,
          null,
          null,
          1,
          1,
          1,
          1,
          1,
          null,
          null,
          1,
          1,
          1,
          1,
          1,
          1,
          null,
          null,
          1,
          1,
          1,
          1,
          null,
          null,
          1,
          1,
          1,
          1,
          null,
          null,
          1,
          1,
          1,
          1,
          null,
          null,
          1,
          1,
          1,
          1,
          1,
          null,
          null,
          1,
          1,
          1,
          1,
          1,
          1,
          1,
          1,
          null,
          null,
          1,
          1,
          1,
          1,
          null,
          null,
          1,
          1,
          1,
          null,
          null
        ]
      },
      "/Users/bryan/turing/1Module/projects/black_thursday/lib/invoice.rb": {
        "lines": [
          1,
          1,
          null,
          1,
          1,
          null,
          null,
          null,
          null,
          1,
          null,
          null,
          1,
          184448,
          184448,
          184448,
          184448,
          184448,
          184448,
          null,
          null
        ]
      },
      "/Users/bryan/turing/1Module/projects/black_thursday/lib/invoice_repository.rb": {
        "lines": [
          1,
          1,
          1,
          1,
          1,
          null,
          1,
          1,
          1,
          null,
          1,
          null,
          1,
          37,
          37,
          37,
          184445,
          null,
          null,
          null,
          null,
          null,
          null,
          null,
          null,
          null,
          1,
          14958,
          null,
          null,
          1,
          34902,
          null,
          null,
          1,
          2,
          2,
          null,
          null,
          null,
          null,
          null,
          null,
          null,
          null,
          null,
          1,
          1,
          1,
          null,
          null,
          1,
          1,
          null,
          null,
          1,
          0,
          null,
          null
        ]
      },
      "/Users/bryan/turing/1Module/projects/black_thursday/spec/invoice_spec.rb": {
        "lines": [
          1,
          1,
          1,
          1,
          1,
          null,
          null,
          null,
          null,
          null,
          null,
          null,
          null,
          null,
          null,
          1,
          1,
          1,
          1,
          1,
          1,
          1,
          null,
          null
        ]
      },
      "/Users/bryan/turing/1Module/projects/black_thursday/spec/item_repository_spec.rb": {
        "lines": [
          1,
          1,
          1,
          null,
          1,
          1,
          14,
          null,
          null,
          1,
          1,
          null,
          null,
          1,
          1,
          1,
          null,
          null,
          1,
          1,
          1,
          1,
          null,
          null,
          1,
          1,
          1,
          1,
          null,
          null,
          1,
          1,
          1,
          1,
          1,
          1,
          null,
          null,
          1,
          1,
          1,
          1,
          null,
          null,
          1,
          1,
          1,
          1,
          1,
          1,
          1,
          null,
          null,
          1,
          1,
          1,
          1,
          1,
          1,
          1,
          null,
          null,
          1,
          null,
          1,
          null,
          null,
          null,
          null,
          null,
          null,
          1,
          1,
          1,
          1,
          1,
          1,
          1,
          1,
          null,
          null,
          1,
          1,
          1,
          1,
          1,
          1,
          1,
          null,
          null,
          1,
          1,
          1,
          1,
          null,
          null,
          1,
          1,
          1,
          1,
          1,
          null,
          null,
          1,
          1,
          1,
          null,
          null,
          1,
          1,
          1,
          1,
          1,
          null,
          null
        ]
      },
      "/Users/bryan/turing/1Module/projects/black_thursday/lib/item.rb": {
        "lines": [
          1,
          1,
          null,
          1,
          1,
          null,
          null,
          null,
          null,
          null,
          null,
          null,
          1,
          57417,
          57417,
          57417,
          57417,
          57417,
          57417,
          57417,
          null,
          null,
          1,
          1,
          null,
          null
        ]
      },
      "/Users/bryan/turing/1Module/projects/black_thursday/lib/sales_engine.rb": {
        "lines": [
          1,
          1,
          1,
          1,
          1,
          1,
          1,
          null,
          1,
          1,
          null,
          null,
          null,
          null,
          null,
          null,
          1,
          28,
          28,
          28,
          28,
          28,
          28,
          null,
          null,
          1,
          28,
          null,
          null,
          1,
          22,
          null,
          null
        ]
      },
      "/Users/bryan/turing/1Module/projects/black_thursday/lib/item_repository.rb": {
        "lines": [
          1,
          1,
          1,
          null,
          1,
          1,
          1,
          null,
          1,
          42,
          42,
          42,
          57414,
          null,
          null,
          null,
          1,
          0,
          null,
          null,
          1,
          9,
          12303,
          null,
          null,
          null,
          1,
          5,
          6835,
          null,
          null,
          null,
          1,
          2,
          2,
          2,
          2734,
          null,
          null,
          null,
          1,
          1,
          1,
          null,
          null,
          null,
          null,
          null,
          null,
          null,
          null,
          null,
          1,
          1,
          1,
          1,
          1,
          null,
          null
        ]
      },
      "/Users/bryan/turing/1Module/projects/black_thursday/lib/merchant_repository.rb": {
        "lines": [
          1,
          1,
          1,
          null,
          1,
          1,
          1,
          null,
          null,
          1,
          36,
          36,
          36,
          17100,
          null,
          null,
          null,
          1,
          1904,
          null,
          null,
          1,
          1,
          1,
          null,
          null,
          1,
          1,
          2,
          null,
          null,
          null,
          null
        ]
      },
      "/Users/bryan/turing/1Module/projects/black_thursday/lib/merchant.rb": {
        "lines": [
          1,
          1,
          null,
          null,
          1,
          17102,
          17102,
          null,
          null
        ]
      },
      "/Users/bryan/turing/1Module/projects/black_thursday/lib/transaction_repository.rb": {
        "lines": [
          1,
          1,
          1,
          null,
          1,
          1,
          1,
          1,
          null,
          1,
          37,
          37,
          37,
          184445,
          null,
          null,
          null,
          null,
          null,
          null,
          null,
          null,
          null,
          null,
          null,
          1,
          14958,
          null,
          null,
          1,
          19944,
          null,
          null,
          1,
          1,
          1,
          null,
          null,
          null,
          null,
          null,
          null,
          null,
          1,
          1,
          1,
          1,
          null,
          null,
          1,
          1,
          null,
          null,
          1,
          0,
          null,
          null
        ]
      },
      "/Users/bryan/turing/1Module/projects/black_thursday/lib/transaction.rb": {
        "lines": [
          1,
          1,
          null,
          1,
          1,
          null,
          null,
          null,
          null,
          null,
          null,
          null,
          1,
          184447,
          184447,
          184447,
          184447,
          184447,
          184447,
          184447,
          null,
          null
        ]
      },
      "/Users/bryan/turing/1Module/projects/black_thursday/spec/item_spec.rb": {
        "lines": [
          1,
          1,
          null,
          1,
          1,
          2,
          null,
          null,
          null,
          null,
          null,
          null,
          null,
          null,
          null,
          null,
          null,
          null,
          1,
          1,
          1,
          1,
          1,
          1,
          1,
          1,
          1,
          null,
          null,
          1,
          1,
          null,
          null
        ]
      },
      "/Users/bryan/turing/1Module/projects/black_thursday/spec/merchant_repository_spec.rb": {
        "lines": [
          1,
          1,
          1,
          1,
          null,
          1,
          1,
          8,
          null,
          null,
          1,
          1,
          null,
          null,
          1,
          1,
          1,
          1,
          1,
          1,
          null,
          null,
          1,
          1,
          1,
          1,
          null,
          null,
          1,
          1,
          1,
          1,
          1,
          null,
          null,
          1,
          1,
          1,
          null,
          null,
          1,
          1,
          1,
          1,
          1,
          1,
          null,
          null,
          1,
          1,
          1,
          null,
          null,
          1,
          1,
          1,
          null,
          null
        ]
      },
      "/Users/bryan/turing/1Module/projects/black_thursday/spec/merchant_spec.rb": {
        "lines": [
          1,
          1,
          null,
          1,
          null,
          1,
          1,
          null,
          1,
          1,
          1,
          null,
          null
        ]
      },
      "/Users/bryan/turing/1Module/projects/black_thursday/spec/sales_analyst_spec.rb": {
        "lines": [
          1,
          1,
          1,
          1,
          1,
          1,
          1,
          1,
          null,
          1,
          1,
          22,
          null,
          null,
          null,
          null,
          null,
          null,
          null,
          null,
          null,
          22,
          null,
          null,
          1,
          1,
          null,
          null,
          1,
          1,
          null,
          null,
          1,
          1,
          1,
          null,
          null,
          1,
          1,
          null,
          null,
          1,
          1,
          1,
          null,
          null,
          1,
          1,
          null,
          null,
          1,
          1,
          null,
          null,
          1,
          1,
          1,
          null,
          null,
          1,
          1,
          null,
          null,
          1,
          1,
          1,
          1,
          1,
          null,
          null,
          1,
          1,
          null,
          null,
          1,
          1,
          1,
          null,
          null,
          1,
          1,
          null,
          null,
          1,
          1,
          1,
          null,
          null,
          1,
          1,
          1,
          null,
          null,
          1,
          1,
          1,
          null,
          null,
          1,
          1,
          1,
          null,
          null,
          1,
          1,
          null,
          null,
          1,
          1,
          1,
          null,
          null,
          1,
          1,
          1,
          1,
          null,
          null,
          1,
          1,
          1,
          null,
          null,
          1,
          1,
          null,
          null
        ]
      },
      "/Users/bryan/turing/1Module/projects/black_thursday/lib/sales_analyst.rb": {
        "lines": [
          1,
          1,
          null,
          1,
          1,
          null,
          null,
          null,
          null,
          null,
          null,
          1,
          22,
          22,
          22,
          22,
          22,
          22,
          null,
          null,
          1,
          6,
          null,
          null,
          1,
          3,
          1428,
          3,
          3,
          null,
          null,
          1,
          2,
          2,
          2,
          950,
          null,
          null,
          null,
          1,
          8,
          8,
          8,
          3800,
          3800,
          null,
          8,
          null,
          null,
          1,
          11876,
          46054,
          11876,
          null,
          null,
          1,
          11,
          11,
          5225,
          null,
          11,
          null,
          null,
          1,
          6,
          2856,
          6,
          6,
          null,
          null,
          1,
          14,
          14,
          6650,
          null,
          14,
          null,
          null,
          1,
          4,
          4,
          4,
          5468,
          null,
          null,
          null,
          1,
          10,
          10,
          10,
          null,
          null,
          1,
          16,
          16,
          16,
          7600,
          7600,
          null,
          16,
          null,
          null,
          1,
          5,
          2380,
          5,
          5,
          null,
          null,
          1,
          2,
          2,
          2,
          952,
          2,
          24,
          null,
          2,
          null,
          null,
          1,
          2,
          2,
          2,
          952,
          2,
          8,
          null,
          2,
          null,
          null,
          1,
          10,
          10,
          49850,
          null,
          10,
          null,
          null,
          1,
          3,
          24,
          3,
          3,
          null,
          null,
          1,
          7,
          null,
          null,
          1,
          2,
          2,
          2,
          2,
          2,
          14,
          2,
          null,
          null,
          2,
          null,
          null,
          1,
          3,
          3,
          null,
          null,
          1,
          2,
          2,
          4,
          2,
          null,
          null,
          1,
          1,
          1,
          3,
          1,
          null,
          null
        ]
      },
      "/Users/bryan/turing/1Module/projects/black_thursday/spec/sales_engine_spec.rb": {
        "lines": [
          1,
          1,
          1,
          1,
          1,
          1,
          1,
          null,
          1,
          1,
          6,
          null,
          null,
          null,
          null,
          null,
          null,
          null,
          null,
          null,
          null,
          null,
          1,
          1,
          null,
          null,
          1,
          1,
          null,
          null,
          1,
          null,
          1,
          null,
          null,
          1,
          1,
          null,
          null,
          1,
          1,
          null,
          1,
          1,
          null,
          null
        ]
      },
      "/Users/bryan/turing/1Module/projects/black_thursday/spec/transaction_repository_spec.rb": {
        "lines": [
          1,
          1,
          1,
          null,
          1,
          1,
          9,
          null,
          null,
          1,
          1,
          null,
          null,
          1,
          1,
          1,
          1,
          1,
          null,
          null,
          1,
          1,
          1,
          null,
          null,
          1,
          1,
          1,
          1,
          null,
          null,
          1,
          1,
          1,
          1,
          null,
          null,
          1,
          1,
          1,
          1,
          1,
          null,
          null,
          1,
          1,
          1,
          1,
          1,
          null,
          null,
          1,
          1,
          1,
          1,
          1,
          null,
          null,
          1,
          1,
          1,
          1,
          1,
          null,
          null
        ]
      },
      "/Users/bryan/turing/1Module/projects/black_thursday/spec/transaction_spec.rb": {
        "lines": [
          1,
          1,
          null,
          1,
          1,
          null,
          1,
          null,
          null,
          null,
          null,
          null,
          null,
          null,
          null,
          null,
          null,
          1,
          1,
          1,
          1,
          1,
          1,
          1,
          1,
          1,
          null,
          null
        ]
      }
    },
    "timestamp": 1654727967
  }
}
